<?xml version="1.0" encoding="UTF-8"?>
<coverage generated="1709196792407" clover="3.2.0">
  <project timestamp="1709196792407" name="All files">
    <metrics statements="3" coveredstatements="3" conditionals="0" coveredconditionals="0" methods="2" coveredmethods="2" elements="5" coveredelements="5" complexity="0" loc="3" ncloc="3" packages="1" files="2" classes="2"/>
    <file name="Contact.jsx" path="C:\Users\flash\Desktop\coding\Interview Assignments\dilfoods-assignments\src\funcs\Contact.jsx">
      <metrics statements="2" coveredstatements="2" conditionals="0" coveredconditionals="0" methods="1" coveredmethods="1"/>
      <line num="3" count="1" type="stmt"/>
      <line num="4" count="1" type="stmt"/>
    </file>
    <file name="sum.js" path="C:\Users\flash\Desktop\coding\Interview Assignments\dilfoods-assignments\src\funcs\sum.js">
      <metrics statements="1" coveredstatements="1" conditionals="0" coveredconditionals="0" methods="1" coveredmethods="1"/>
      <line num="1" count="1" type="stmt"/>
    </file>
  </project>
</coverage>
