<?xml version="1.0" encoding="UTF-8"?>
<coverage generated="1709213476572" clover="3.2.0">
  <project timestamp="1709213476572" name="All files">
    <metrics statements="24" coveredstatements="23" conditionals="24" coveredconditionals="23" methods="9" coveredmethods="9" elements="57" coveredelements="55" complexity="0" loc="24" ncloc="24" packages="3" files="3" classes="3"/>
    <package name="components.shared">
      <metrics statements="8" coveredstatements="8" conditionals="16" coveredconditionals="16" methods="6" coveredmethods="6"/>
      <file name="Sidebar.jsx" path="C:\Users\flash\Desktop\coding\Interview Assignments\dilfoods-assignments\src\components\shared\Sidebar.jsx">
        <metrics statements="8" coveredstatements="8" conditionals="16" coveredconditionals="16" methods="6" coveredmethods="6"/>
        <line num="7" count="18" type="stmt"/>
        <line num="12" count="1" type="stmt"/>
        <line num="14" count="2" type="stmt"/>
        <line num="17" count="2" type="stmt"/>
        <line num="24" count="1" type="stmt"/>
        <line num="32" count="8" type="stmt"/>
        <line num="41" count="4" type="stmt"/>
        <line num="57" count="12" type="stmt"/>
      </file>
    </package>
    <package name="reducer">
      <metrics statements="14" coveredstatements="13" conditionals="8" coveredconditionals="7" methods="3" coveredmethods="3"/>
      <file name="dataReducer.jsx" path="C:\Users\flash\Desktop\coding\Interview Assignments\dilfoods-assignments\src\reducer\dataReducer.jsx">
        <metrics statements="14" coveredstatements="13" conditionals="8" coveredconditionals="7" methods="3" coveredmethods="3"/>
        <line num="1" count="1" type="stmt"/>
        <line num="8" count="1" type="stmt"/>
        <line num="9" count="4" type="cond" truecount="4" falsecount="0"/>
        <line num="11" count="1" type="stmt"/>
        <line num="14" count="1" type="stmt"/>
        <line num="17" count="1" type="stmt"/>
        <line num="19" count="1" type="stmt"/>
        <line num="20" count="59" type="cond" truecount="2" falsecount="0"/>
        <line num="21" count="48" type="cond" truecount="1" falsecount="1"/>
        <line num="22" count="0" type="stmt"/>
        <line num="25" count="1" type="stmt"/>
        <line num="28" count="1" type="stmt"/>
        <line num="29" count="20" type="stmt"/>
        <line num="30" count="1" type="stmt"/>
      </file>
    </package>
    <package name="utils.constants">
      <metrics statements="2" coveredstatements="2" conditionals="0" coveredconditionals="0" methods="0" coveredmethods="0"/>
      <file name="constants.jsx" path="C:\Users\flash\Desktop\coding\Interview Assignments\dilfoods-assignments\src\utils\constants\constants.jsx">
        <metrics statements="2" coveredstatements="2" conditionals="0" coveredconditionals="0" methods="0" coveredmethods="0"/>
        <line num="16" count="1" type="stmt"/>
        <line num="43" count="1" type="stmt"/>
      </file>
    </package>
  </project>
</coverage>
