{"C:\\Users\\flash\\Desktop\\coding\\Interview Assignments\\dilfoods-assignments\\src\\components\\shared\\Sidebar.jsx": {"path":"C:\\Users\\flash\\Desktop\\coding\\Interview Assignments\\dilfoods-assignments\\src\\components\\shared\\Sidebar.jsx","statementMap":{"0":{"start":{"line":7,"column":18},"end":{"line":10,"column":4}},"1":{"start":{"line":7,"column":35},"end":{"line":10,"column":3}},"2":{"start":{"line":12,"column":16},"end":{"line":50,"column":1}},"3":{"start":{"line":14,"column":42},"end":{"line":14,"column":57}},"4":{"start":{"line":17,"column":2},"end":{"line":49,"column":3}},"5":{"start":{"line":24,"column":35},"end":{"line":24,"column":63}},"6":{"start":{"line":32,"column":20},"end":{"line":32,"column":87}},"7":{"start":{"line":41,"column":20},"end":{"line":41,"column":87}},"8":{"start":{"line":57,"column":4},"end":{"line":67,"column":6}}},"fnMap":{"0":{"name":"(anonymous_0)","decl":{"start":{"line":7,"column":18},"end":{"line":7,"column":19}},"loc":{"start":{"line":7,"column":35},"end":{"line":10,"column":3}},"line":7},"1":{"name":"(anonymous_1)","decl":{"start":{"line":12,"column":16},"end":{"line":12,"column":17}},"loc":{"start":{"line":12,"column":22},"end":{"line":50,"column":1}},"line":12},"2":{"name":"(anonymous_2)","decl":{"start":{"line":24,"column":29},"end":{"line":24,"column":30}},"loc":{"start":{"line":24,"column":35},"end":{"line":24,"column":63}},"line":24},"3":{"name":"(anonymous_3)","decl":{"start":{"line":31,"column":34},"end":{"line":31,"column":35}},"loc":{"start":{"line":32,"column":20},"end":{"line":32,"column":87}},"line":32},"4":{"name":"(anonymous_4)","decl":{"start":{"line":40,"column":41},"end":{"line":40,"column":42}},"loc":{"start":{"line":41,"column":20},"end":{"line":41,"column":87}},"line":41},"5":{"name":"SidebarLink","decl":{"start":{"line":56,"column":9},"end":{"line":56,"column":20}},"loc":{"start":{"line":56,"column":43},"end":{"line":68,"column":3}},"line":56}},"branchMap":{"0":{"loc":{"start":{"line":8,"column":21},"end":{"line":8,"column":56}},"type":"cond-expr","locations":[{"start":{"line":8,"column":32},"end":{"line":8,"column":51}},{"start":{"line":8,"column":54},"end":{"line":8,"column":56}}],"line":8},"1":{"loc":{"start":{"line":9,"column":18},"end":{"line":9,"column":40}},"type":"cond-expr","locations":[{"start":{"line":9,"column":29},"end":{"line":9,"column":35}},{"start":{"line":9,"column":38},"end":{"line":9,"column":40}}],"line":9},"2":{"loc":{"start":{"line":18,"column":58},"end":{"line":18,"column":87}},"type":"cond-expr","locations":[{"start":{"line":18,"column":72},"end":{"line":18,"column":78}},{"start":{"line":18,"column":81},"end":{"line":18,"column":87}}],"line":18},"3":{"loc":{"start":{"line":20,"column":60},"end":{"line":20,"column":116}},"type":"cond-expr","locations":[{"start":{"line":20,"column":74},"end":{"line":20,"column":109}},{"start":{"line":20,"column":111},"end":{"line":20,"column":116}}],"line":20},"4":{"loc":{"start":{"line":21,"column":60},"end":{"line":21,"column":84}},"type":"cond-expr","locations":[{"start":{"line":21,"column":74},"end":{"line":21,"column":76}},{"start":{"line":21,"column":79},"end":{"line":21,"column":84}}],"line":21},"5":{"loc":{"start":{"line":22,"column":58},"end":{"line":22,"column":100}},"type":"cond-expr","locations":[{"start":{"line":22,"column":72},"end":{"line":22,"column":92}},{"start":{"line":22,"column":95},"end":{"line":22,"column":100}}],"line":22},"6":{"loc":{"start":{"line":25,"column":17},"end":{"line":25,"column":70}},"type":"cond-expr","locations":[{"start":{"line":25,"column":32},"end":{"line":25,"column":49}},{"start":{"line":25,"column":52},"end":{"line":25,"column":70}}],"line":25},"7":{"loc":{"start":{"line":65,"column":57},"end":{"line":65,"column":88}},"type":"cond-expr","locations":[{"start":{"line":65,"column":71},"end":{"line":65,"column":77}},{"start":{"line":65,"column":80},"end":{"line":65,"column":88}}],"line":65}},"s":{"0":1,"1":18,"2":1,"3":2,"4":2,"5":1,"6":8,"7":4,"8":12},"f":{"0":18,"1":2,"2":1,"3":8,"4":4,"5":12},"b":{"0":[3,15],"1":[3,15],"2":[1,1],"3":[1,1],"4":[1,1],"5":[1,1],"6":[1,1],"7":[6,6]},"_coverageSchema":"1a1c01bbd47fc00a2c39e90264f33305004495a9","hash":"e2c29343d25a99f11f11c8f574a742af0f7a53f6"}
,"C:\\Users\\flash\\Desktop\\coding\\Interview Assignments\\dilfoods-assignments\\src\\reducer\\dataReducer.jsx": {"path":"C:\\Users\\flash\\Desktop\\coding\\Interview Assignments\\dilfoods-assignments\\src\\reducer\\dataReducer.jsx","statementMap":{"0":{"start":{"line":1,"column":27},"end":{"line":6,"column":1}},"1":{"start":{"line":8,"column":27},"end":{"line":34,"column":1}},"2":{"start":{"line":9,"column":4},"end":{"line":33,"column":5}},"3":{"start":{"line":11,"column":12},"end":{"line":11,"column":57}},"4":{"start":{"line":14,"column":12},"end":{"line":14,"column":61}},"5":{"start":{"line":17,"column":12},"end":{"line":17,"column":45}},"6":{"start":{"line":19,"column":32},"end":{"line":23,"column":14}},"7":{"start":{"line":20,"column":16},"end":{"line":20,"column":68}},"8":{"start":{"line":20,"column":58},"end":{"line":20,"column":68}},"9":{"start":{"line":21,"column":16},"end":{"line":21,"column":67}},"10":{"start":{"line":21,"column":58},"end":{"line":21,"column":67}},"11":{"start":{"line":22,"column":16},"end":{"line":22,"column":25}},"12":{"start":{"line":25,"column":12},"end":{"line":25,"column":54}},"13":{"start":{"line":28,"column":12},"end":{"line":28,"column":40}},"14":{"start":{"line":29,"column":32},"end":{"line":29,"column":105}},"15":{"start":{"line":29,"column":71},"end":{"line":29,"column":104}},"16":{"start":{"line":30,"column":12},"end":{"line":30,"column":54}}},"fnMap":{"0":{"name":"(anonymous_0)","decl":{"start":{"line":8,"column":27},"end":{"line":8,"column":28}},"loc":{"start":{"line":8,"column":46},"end":{"line":34,"column":1}},"line":8},"1":{"name":"(anonymous_1)","decl":{"start":{"line":19,"column":59},"end":{"line":19,"column":60}},"loc":{"start":{"line":19,"column":68},"end":{"line":23,"column":13}},"line":19},"2":{"name":"(anonymous_2)","decl":{"start":{"line":29,"column":61},"end":{"line":29,"column":62}},"loc":{"start":{"line":29,"column":71},"end":{"line":29,"column":104}},"line":29}},"branchMap":{"0":{"loc":{"start":{"line":9,"column":4},"end":{"line":33,"column":5}},"type":"switch","locations":[{"start":{"line":10,"column":8},"end":{"line":12,"column":9}},{"start":{"line":13,"column":8},"end":{"line":15,"column":9}},{"start":{"line":16,"column":8},"end":{"line":26,"column":9}},{"start":{"line":27,"column":8},"end":{"line":31,"column":9}}],"line":9},"1":{"loc":{"start":{"line":20,"column":16},"end":{"line":20,"column":68}},"type":"if","locations":[{"start":{"line":20,"column":16},"end":{"line":20,"column":68}},{"start":{},"end":{}}],"line":20},"2":{"loc":{"start":{"line":21,"column":16},"end":{"line":21,"column":67}},"type":"if","locations":[{"start":{"line":21,"column":16},"end":{"line":21,"column":67}},{"start":{},"end":{}}],"line":21}},"s":{"0":1,"1":1,"2":4,"3":1,"4":1,"5":1,"6":1,"7":59,"8":11,"9":48,"10":48,"11":0,"12":1,"13":1,"14":1,"15":20,"16":1},"f":{"0":4,"1":59,"2":20},"b":{"0":[1,1,1,1],"1":[11,48],"2":[48,0]},"_coverageSchema":"1a1c01bbd47fc00a2c39e90264f33305004495a9","hash":"812546f7d41e8ef1032c47c4cd2ff6c809440ff3"}
,"C:\\Users\\flash\\Desktop\\coding\\Interview Assignments\\dilfoods-assignments\\src\\utils\\constants\\constants.jsx": {"path":"C:\\Users\\flash\\Desktop\\coding\\Interview Assignments\\dilfoods-assignments\\src\\utils\\constants\\constants.jsx","statementMap":{"0":{"start":{"line":16,"column":29},"end":{"line":41,"column":1}},"1":{"start":{"line":43,"column":36},"end":{"line":56,"column":1}}},"fnMap":{},"branchMap":{},"s":{"0":1,"1":1},"f":{},"b":{},"_coverageSchema":"1a1c01bbd47fc00a2c39e90264f33305004495a9","hash":"8b45ad087ca64513203fd88b4ae38afe909f8d5c"}
}
