{"C:\\Users\\flash\\Desktop\\coding\\Interview Assignments\\dilfoods-assignments\\src\\funcs\\Contact.jsx": {"path":"C:\\Users\\flash\\Desktop\\coding\\Interview Assignments\\dilfoods-assignments\\src\\funcs\\Contact.jsx","statementMap":{"0":{"start":{"line":3,"column":16},"end":{"line":10,"column":1}},"1":{"start":{"line":4,"column":2},"end":{"line":9,"column":3}}},"fnMap":{"0":{"name":"(anonymous_0)","decl":{"start":{"line":3,"column":16},"end":{"line":3,"column":17}},"loc":{"start":{"line":3,"column":22},"end":{"line":10,"column":1}},"line":3}},"branchMap":{},"s":{"0":1,"1":1},"f":{"0":1},"b":{},"_coverageSchema":"1a1c01bbd47fc00a2c39e90264f33305004495a9","hash":"d198e5a6ff7620619c5927fb7915e45c352c16ac"}
,"C:\\Users\\flash\\Desktop\\coding\\Interview Assignments\\dilfoods-assignments\\src\\funcs\\sum.js": {"path":"C:\\Users\\flash\\Desktop\\coding\\Interview Assignments\\dilfoods-assignments\\src\\funcs\\sum.js","statementMap":{"0":{"start":{"line":1,"column":19},"end":{"line":1,"column":36}},"1":{"start":{"line":1,"column":31},"end":{"line":1,"column":36}}},"fnMap":{"0":{"name":"(anonymous_0)","decl":{"start":{"line":1,"column":19},"end":{"line":1,"column":20}},"loc":{"start":{"line":1,"column":31},"end":{"line":1,"column":36}},"line":1}},"branchMap":{},"s":{"0":1,"1":1},"f":{"0":1},"b":{},"_coverageSchema":"1a1c01bbd47fc00a2c39e90264f33305004495a9","hash":"205cc20f2b601aff7df73216643d78d7c137aca8"}
}
