TN:
SF:src\components\shared\Sidebar.jsx
FN:7,(anonymous_0)
FN:12,(anonymous_1)
FN:24,(anonymous_2)
FN:31,(anonymous_3)
FN:40,(anonymous_4)
FN:56,SidebarLink
FNF:6
FNH:6
FNDA:18,(anonymous_0)
FNDA:2,(anonymous_1)
FNDA:1,(anonymous_2)
FNDA:8,(anonymous_3)
FNDA:4,(anonymous_4)
FNDA:12,SidebarLink
DA:7,18
DA:12,1
DA:14,2
DA:17,2
DA:24,1
DA:32,8
DA:41,4
DA:57,12
LF:8
LH:8
BRDA:8,0,0,3
BRDA:8,0,1,15
BRDA:9,1,0,3
BRDA:9,1,1,15
BRDA:18,2,0,1
BRDA:18,2,1,1
BRDA:20,3,0,1
BRDA:20,3,1,1
BRDA:21,4,0,1
BRDA:21,4,1,1
BRDA:22,5,0,1
BRDA:22,5,1,1
BRDA:25,6,0,1
BRDA:25,6,1,1
BRDA:65,7,0,6
BRDA:65,7,1,6
BRF:16
BRH:16
end_of_record
TN:
SF:src\reducer\dataReducer.jsx
FN:8,(anonymous_0)
FN:19,(anonymous_1)
FN:29,(anonymous_2)
FNF:3
FNH:3
FNDA:4,(anonymous_0)
FNDA:59,(anonymous_1)
FNDA:20,(anonymous_2)
DA:1,1
DA:8,1
DA:9,4
DA:11,1
DA:14,1
DA:17,1
DA:19,1
DA:20,59
DA:21,48
DA:22,0
DA:25,1
DA:28,1
DA:29,20
DA:30,1
LF:14
LH:13
BRDA:9,0,0,1
BRDA:9,0,1,1
BRDA:9,0,2,1
BRDA:9,0,3,1
BRDA:20,1,0,11
BRDA:20,1,1,48
BRDA:21,2,0,48
BRDA:21,2,1,0
BRF:8
BRH:7
end_of_record
TN:
SF:src\utils\constants\constants.jsx
FNF:0
FNH:0
DA:16,1
DA:43,1
LF:2
LH:2
BRF:0
BRH:0
end_of_record
